e:\vulkanproj\mgengine\offscreen_mirror\x64\debug\vc142.pdb
e:\vulkanproj\mgengine\offscreen_mirror\x64\debug\vc142.idb
e:\vulkanproj\mgengine\offscreen_mirror\x64\debug\dx_offscreen.obj
e:\vulkanproj\mgengine\offscreen_mirror\x64\debug\offscreenpass.obj
e:\vulkanproj\mgengine\x64\debug\offscreen_mirror.exe
e:\vulkanproj\mgengine\offscreen_mirror\x64\debug\offscreen_mirror.ilk
e:\vulkanproj\mgengine\x64\debug\offscreen_mirror.pdb
e:\vulkanproj\vkstudy\study\offscreen_mirror\x64\debug\dx_offscreen.obj
e:\vulkanproj\vkstudy\study\offscreen_mirror\x64\debug\offscreenpass.obj
e:\vulkanproj\vkstudy\study\offscreen_mirror\x64\debug\offscreen_mirror.ilk
e:\vulkanproj\vkstudy\study\offscreen_mirror\x64\debug\vc142.idb
e:\vulkanproj\vkstudy\study\offscreen_mirror\x64\debug\vc142.pdb
e:\vulkanproj\vkstudy\study\x64\debug\offscreen_mirror.pdb
e:\vulkanproj\vkstudy\study\x64\debug\offscreen_mirror.exe
e:\vulkanproj\vkstudy\study\offscreen_mirror\x64\debug\offscreen_mirror.tlog\cl.command.1.tlog
e:\vulkanproj\vkstudy\study\offscreen_mirror\x64\debug\offscreen_mirror.tlog\cl.read.1.tlog
e:\vulkanproj\vkstudy\study\offscreen_mirror\x64\debug\offscreen_mirror.tlog\cl.write.1.tlog
e:\vulkanproj\vkstudy\study\offscreen_mirror\x64\debug\offscreen_mirror.tlog\link.command.1.tlog
e:\vulkanproj\vkstudy\study\offscreen_mirror\x64\debug\offscreen_mirror.tlog\link.read.1.tlog
e:\vulkanproj\vkstudy\study\offscreen_mirror\x64\debug\offscreen_mirror.tlog\link.write.1.tlog
