e:\vulkanproj\mgengine\zcode\x64\debug\vc142.pdb
e:\vulkanproj\mgengine\zcode\x64\debug\vc142.idb
e:\vulkanproj\mgengine\zcode\x64\debug\x mutex.obj
e:\vulkanproj\mgengine\zcode\x64\debug\x conio.obj
e:\vulkanproj\mgengine\zcode\x64\debug\ptr.obj
e:\vulkanproj\mgengine\zcode\x64\debug\ptrunique.obj
e:\vulkanproj\mgengine\zcode\x64\debug\ptrshared.obj
e:\vulkanproj\vkstudy\study\zcode\x64\debug\vc142.pdb
e:\vulkanproj\vkstudy\study\zcode\x64\debug\vc142.idb
e:\vulkanproj\vkstudy\study\zcode\x64\debug\x mutex.obj
e:\vulkanproj\vkstudy\study\zcode\x64\debug\x conio.obj
e:\vulkanproj\vkstudy\study\zcode\x64\debug\ptrunique.obj
e:\vulkanproj\vkstudy\study\zcode\x64\debug\ptrshared.obj
e:\vulkanproj\mgengine\x64\debug\zcode.exe
e:\vulkanproj\mgengine\zcode\x64\debug\zcode.ilk
e:\vulkanproj\mgengine\x64\debug\zcode.pdb
e:\vulkanproj\vkstudy\study\x64\debug\zcode.exe
e:\vulkanproj\vkstudy\study\zcode\x64\debug\zcode.ilk
e:\vulkanproj\vkstudy\study\x64\debug\zcode.pdb
e:\vulkanproj\vkstudy\study\zcode\x64\debug\main.obj
e:\vulkanproj\vkstudy\study\zcode\x64\debug\ptr.obj
e:\vulkanproj\vkstudy\study\zcode\x64\debug\zcode.tlog\cl.command.1.tlog
e:\vulkanproj\vkstudy\study\zcode\x64\debug\zcode.tlog\cl.read.1.tlog
e:\vulkanproj\vkstudy\study\zcode\x64\debug\zcode.tlog\cl.write.1.tlog
e:\vulkanproj\vkstudy\study\zcode\x64\debug\zcode.tlog\link.command.1.tlog
e:\vulkanproj\vkstudy\study\zcode\x64\debug\zcode.tlog\link.read.1.tlog
e:\vulkanproj\vkstudy\study\zcode\x64\debug\zcode.tlog\link.write.1.tlog
