C:\Program Files (x86)\Microsoft Visual Studio\2019\Community\MSBuild\Microsoft\VC\v160\Microsoft.CppBuild.targets(499,5): warning MSB8004: Output 目录未以斜杠结尾。  此生成实例将添加斜杠，因为必须有这个斜杠才能正确计算 Output 目录。
  mg_HDR.cpp
E:\VulkanProj\vkStudy\Study\base\VulkanFrameBuffer.hpp(85,1): warning C4267: “初始化”: 从“size_t”转换到“uint32_t”，可能丢失数据
E:\VulkanProj\vkStudy\Study\base\VulkanFrameBuffer.hpp(87,22): warning C4018: “<”: 有符号/无符号不匹配
E:\VulkanProj\vkStudy\Study\base\VulkanFrameBuffer.hpp(106,1): warning C4267: “初始化”: 从“size_t”转换到“uint32_t”，可能丢失数据
E:\VulkanProj\vkStudy\Study\base\VulkanFrameBuffer.hpp(108,22): warning C4018: “<”: 有符号/无符号不匹配
E:\VulkanProj\vkStudy\Study\base\VulkanFrameBuffer.hpp(139,1): warning C4267: “=”: 从“size_t”转换到“uint32_t”，可能丢失数据
E:\VulkanProj\vkStudy\Study\base\VulkanFrameBuffer.hpp(171,1): warning C4267: “=”: 从“size_t”转换到“uint32_t”，可能丢失数据
E:\VulkanProj\vkStudy\Study\base\VulkanFrameBuffer.hpp(192,1): warning C4267: “=”: 从“size_t”转换到“uint32_t”，可能丢失数据
E:\VulkanProj\vkStudy\Study\base\VulkanFrameBuffer.hpp(287,1): warning C4267: “return”: 从“size_t”转换到“uint32_t”，可能丢失数据
E:\VulkanProj\vkStudy\Study\gltf_model_HDR\PipelineHub.h(42,1): warning C4267: “参数”: 从“size_t”转换到“uint32_t”，可能丢失数据
E:\VulkanProj\vkStudy\Study\gltf_model_HDR\PipelineHub.h(47,1): warning C4267: “参数”: 从“size_t”转换到“uint32_t”，可能丢失数据
E:\VulkanProj\vkStudy\Study\gltf_model_HDR\PipelineHub.h(52,1): warning C4267: “参数”: 从“size_t”转换到“uint32_t”，可能丢失数据
E:\VulkanProj\vkStudy\Study\gltf_model_HDR\PipelineHub.h(64,1): warning C4267: “参数”: 从“size_t”转换到“uint32_t”，可能丢失数据
E:\VulkanProj\vkStudy\Study\gltf_model_HDR\PipelineHub.h(82,1): warning C4267: “参数”: 从“size_t”转换到“uint32_t”，可能丢失数据
E:\VulkanProj\vkStudy\Study\gltf_model_HDR\PipelineHub.h(212,1): warning C4267: “参数”: 从“size_t”转换到“uint32_t”，可能丢失数据
E:\VulkanProj\vkStudy\Study\gltf_model_HDR\Frame.h(112,1): warning C4267: “参数”: 从“size_t”转换到“uint32_t”，可能丢失数据
E:\VulkanProj\vkStudy\Study\gltf_model_HDR\Frame.h(118,1): warning C4267: “参数”: 从“size_t”转换到“uint32_t”，可能丢失数据
E:\VulkanProj\vkStudy\Study\gltf_model_HDR\Frame.h(123,1): warning C4267: “参数”: 从“size_t”转换到“uint32_t”，可能丢失数据
E:\VulkanProj\vkStudy\Study\gltf_model_HDR\Frame.h(141,1): warning C4267: “参数”: 从“size_t”转换到“uint32_t”，可能丢失数据
E:\VulkanProj\vkStudy\Study\gltf_model_HDR\Frame.h(192,1): warning C4267: “参数”: 从“size_t”转换到“uint32_t”，可能丢失数据
E:\VulkanProj\vkStudy\Study\gltf_model_HDR\Scene.h(250,48): warning C4244: “=”: 从“int32_t”转换到“float”，可能丢失数据
E:\VulkanProj\vkStudy\Study\gltf_model_HDR\Scene.h(251,46): warning C4244: “=”: 从“int32_t”转换到“float”，可能丢失数据
E:\VulkanProj\vkStudy\Study\gltf_model_HDR\Scene.h(255,47): warning C4244: “=”: 从“int32_t”转换到“float”，可能丢失数据
E:\VulkanProj\vkStudy\Study\gltf_model_HDR\Scene.h(256,47): warning C4244: “=”: 从“int32_t”转换到“float”，可能丢失数据
E:\VulkanProj\vkStudy\Study\gltf_model_HDR\Scene.h(258,45): warning C4244: “=”: 从“int32_t”转换到“float”，可能丢失数据
E:\VulkanProj\vkStudy\Study\gltf_model_HDR\Scene.h(259,45): warning C4244: “=”: 从“int32_t”转换到“float”，可能丢失数据
E:\VulkanProj\vkStudy\Study\gltf_model_HDR\Scene.h(263,46): warning C4244: “=”: 从“int32_t”转换到“float”，可能丢失数据
E:\VulkanProj\vkStudy\Study\gltf_model_HDR\Scene.h(264,44): warning C4244: “=”: 从“int32_t”转换到“float”，可能丢失数据
E:\VulkanProj\vkStudy\Study\gltf_model_HDR\mg_HDR.cpp(166,1): warning C4267: “=”: 从“size_t”转换到“uint32_t”，可能丢失数据
E:\VulkanProj\vkStudy\Study\gltf_model_HDR\mg_HDR.cpp(214,1): warning C4267: “参数”: 从“size_t”转换到“uint32_t”，可能丢失数据
  ui.cpp
E:\VulkanProj\vkStudy\Study\gltf_model_HDR\ui.cpp(182,132): warning C4267: “参数”: 从“size_t”转换到“uint32_t”，可能丢失数据
E:\VulkanProj\vkStudy\Study\gltf_model_HDR\ui.cpp(189,149): warning C4267: “参数”: 从“size_t”转换到“uint32_t”，可能丢失数据
  正在生成代码...
LINK : warning LNK4098: 默认库“MSVCRT”与其他库的使用冲突；请使用 /NODEFAULTLIB:library
  gltf_model_HDR.vcxproj -> E:\VulkanProj\vkStudy\Study\gltf_model_HDR\gltf_model_HDR.exe
