e:\vulkanproj\mgengine\geo_draw\x64\debug\vc142.pdb
e:\vulkanproj\mgengine\geo_draw\x64\debug\vc142.idb
e:\vulkanproj\mgengine\geo_draw\x64\debug\general.obj
e:\vulkanproj\mgengine\x64\debug\general_draw.exe
e:\vulkanproj\mgengine\geo_draw\x64\debug\general_draw.ilk
e:\vulkanproj\mgengine\x64\debug\general_draw.pdb
e:\vulkanproj\vkstudy\study\geo_draw\x64\debug\23_descriptor_sets.obj
e:\vulkanproj\vkstudy\study\geo_draw\x64\debug\app.obj
e:\vulkanproj\vkstudy\study\geo_draw\x64\debug\appwin.obj
e:\vulkanproj\vkstudy\study\geo_draw\x64\debug\general.obj
e:\vulkanproj\vkstudy\study\geo_draw\x64\debug\mgderived.obj
e:\vulkanproj\vkstudy\study\geo_draw\x64\debug\testcode.obj
e:\vulkanproj\vkstudy\study\geo_draw\x64\debug\general_draw.ilk
e:\vulkanproj\vkstudy\study\geo_draw\x64\debug\geo_draw.ilk
e:\vulkanproj\vkstudy\study\geo_draw\x64\debug\vc142.idb
e:\vulkanproj\vkstudy\study\geo_draw\x64\debug\vc142.pdb
e:\vulkanproj\vkstudy\study\x64\debug\general_draw.pdb
e:\vulkanproj\vkstudy\study\x64\debug\general_draw.exe
e:\vulkanproj\vkstudy\study\geo_draw\x64\debug\general_draw.tlog\cl.command.1.tlog
e:\vulkanproj\vkstudy\study\geo_draw\x64\debug\general_draw.tlog\cl.read.1.tlog
e:\vulkanproj\vkstudy\study\geo_draw\x64\debug\general_draw.tlog\cl.write.1.tlog
e:\vulkanproj\vkstudy\study\geo_draw\x64\debug\general_draw.tlog\link.command.1.tlog
e:\vulkanproj\vkstudy\study\geo_draw\x64\debug\general_draw.tlog\link.read.1.tlog
e:\vulkanproj\vkstudy\study\geo_draw\x64\debug\general_draw.tlog\link.write.1.tlog
