  dx_instacing.cpp
E:\VulkanProj\vkStudy\Study\base\VulkanFrameBuffer.hpp(85,1): warning C4267: “初始化”: 从“size_t”转换到“uint32_t”，可能丢失数据
E:\VulkanProj\vkStudy\Study\base\VulkanFrameBuffer.hpp(87,22): warning C4018: “<”: 有符号/无符号不匹配
E:\VulkanProj\vkStudy\Study\base\VulkanFrameBuffer.hpp(106,1): warning C4267: “初始化”: 从“size_t”转换到“uint32_t”，可能丢失数据
E:\VulkanProj\vkStudy\Study\base\VulkanFrameBuffer.hpp(108,22): warning C4018: “<”: 有符号/无符号不匹配
E:\VulkanProj\vkStudy\Study\base\VulkanFrameBuffer.hpp(139,1): warning C4267: “=”: 从“size_t”转换到“uint32_t”，可能丢失数据
E:\VulkanProj\vkStudy\Study\base\VulkanFrameBuffer.hpp(171,1): warning C4267: “=”: 从“size_t”转换到“uint32_t”，可能丢失数据
E:\VulkanProj\vkStudy\Study\base\VulkanFrameBuffer.hpp(192,1): warning C4267: “=”: 从“size_t”转换到“uint32_t”，可能丢失数据
E:\VulkanProj\vkStudy\Study\base\VulkanFrameBuffer.hpp(287,1): warning C4267: “return”: 从“size_t”转换到“uint32_t”，可能丢失数据
E:\VulkanProj\vkStudy\Study\instancing_byDescriptorSet\PipelineHub.h(34,1): warning C4267: “参数”: 从“size_t”转换到“uint32_t”，可能丢失数据
E:\VulkanProj\vkStudy\Study\instancing_byDescriptorSet\PipelineHub.h(52,1): warning C4267: “参数”: 从“size_t”转换到“uint32_t”，可能丢失数据
E:\VulkanProj\vkStudy\Study\instancing_byDescriptorSet\PipelineHub.h(68,1): warning C4267: “参数”: 从“size_t”转换到“uint32_t”，可能丢失数据
E:\VulkanProj\vkStudy\Study\instancing_byDescriptorSet\PipelineHub.h(73,1): warning C4267: “参数”: 从“size_t”转换到“uint32_t”，可能丢失数据
E:\VulkanProj\vkStudy\Study\instancing_byDescriptorSet\PipelineHub.h(124,1): warning C4267: “参数”: 从“size_t”转换到“uint32_t”，可能丢失数据
E:\VulkanProj\vkStudy\Study\instancing_byDescriptorSet\PipelineHub.h(160,1): warning C4267: “参数”: 从“size_t”转换到“uint32_t”，可能丢失数据
E:\VulkanProj\vkStudy\Study\instancing_byDescriptorSet\Frame.h(82,1): warning C4267: “参数”: 从“size_t”转换到“uint32_t”，可能丢失数据
E:\VulkanProj\vkStudy\Study\instancing_byDescriptorSet\Frame.h(88,1): warning C4267: “参数”: 从“size_t”转换到“uint32_t”，可能丢失数据
E:\VulkanProj\vkStudy\Study\instancing_byDescriptorSet\Frame.h(92,1): warning C4267: “参数”: 从“size_t”转换到“uint32_t”，可能丢失数据
E:\VulkanProj\vkStudy\Study\instancing_byDescriptorSet\Frame.h(98,1): warning C4267: “参数”: 从“size_t”转换到“uint32_t”，可能丢失数据
E:\VulkanProj\vkStudy\Study\instancing_byDescriptorSet\InstanceByDescriptorSet.h(57,22): warning C4244: “=”: 从“double”转换到“float”，可能丢失数据
E:\VulkanProj\vkStudy\Study\instancing_byDescriptorSet\InstanceByDescriptorSet.h(66,37): warning C4244: “参数”: 从“uint32_t”转换到“T”，可能丢失数据
          with
          [
              T=float
          ]
E:\VulkanProj\vkStudy\Study\instancing_byDescriptorSet\InstanceByDescriptorSet.h(83,1): warning C4267: “参数”: 从“size_t”转换到“uint32_t”，可能丢失数据
E:\VulkanProj\vkStudy\Study\instancing_byDescriptorSet\InstanceByDescriptorSet.h(91,1): warning C4267: “初始化”: 从“size_t”转换到“uint32_t”，可能丢失数据
E:\VulkanProj\vkStudy\Study\instancing_byDescriptorSet\dx_instacing.cpp(166,1): warning C4267: “=”: 从“size_t”转换到“uint32_t”，可能丢失数据
E:\VulkanProj\vkStudy\Study\instancing_byDescriptorSet\dx_instacing.cpp(214,1): warning C4267: “参数”: 从“size_t”转换到“uint32_t”，可能丢失数据
LINK : warning LNK4098: 默认库“MSVCRT”与其他库的使用冲突；请使用 /NODEFAULTLIB:library
  instancing_byDescriptorSet.vcxproj -> E:\VulkanProj\vkStudy\Study\x64\Debug\instancing_byDescriptorSet.exe
