C:\Program Files (x86)\Microsoft Visual Studio\2019\Community\MSBuild\Microsoft\VC\v160\Microsoft.CppBuild.targets(499,5): warning MSB8004: Output 目录未以斜杠结尾。  此生成实例将添加斜杠，因为必须有这个斜杠才能正确计算 Output 目录。
  dx_descriptors.cpp
E:\VulkanProj\vkStudy\Study\base\VulkanFrameBuffer.hpp(85,1): warning C4267: “初始化”: 从“size_t”转换到“uint32_t”，可能丢失数据
E:\VulkanProj\vkStudy\Study\base\VulkanFrameBuffer.hpp(87,22): warning C4018: “<”: 有符号/无符号不匹配
E:\VulkanProj\vkStudy\Study\base\VulkanFrameBuffer.hpp(106,1): warning C4267: “初始化”: 从“size_t”转换到“uint32_t”，可能丢失数据
E:\VulkanProj\vkStudy\Study\base\VulkanFrameBuffer.hpp(108,22): warning C4018: “<”: 有符号/无符号不匹配
E:\VulkanProj\vkStudy\Study\base\VulkanFrameBuffer.hpp(139,1): warning C4267: “=”: 从“size_t”转换到“uint32_t”，可能丢失数据
E:\VulkanProj\vkStudy\Study\base\VulkanFrameBuffer.hpp(171,1): warning C4267: “=”: 从“size_t”转换到“uint32_t”，可能丢失数据
E:\VulkanProj\vkStudy\Study\base\VulkanFrameBuffer.hpp(192,1): warning C4267: “=”: 从“size_t”转换到“uint32_t”，可能丢失数据
E:\VulkanProj\vkStudy\Study\base\VulkanFrameBuffer.hpp(287,1): warning C4267: “return”: 从“size_t”转换到“uint32_t”，可能丢失数据
E:\VulkanProj\vkStudy\Study\descriptors\PipelineHub.h(28,1): warning C4267: “参数”: 从“size_t”转换到“uint32_t”，可能丢失数据
E:\VulkanProj\vkStudy\Study\descriptors\PipelineHub.h(46,1): warning C4267: “参数”: 从“size_t”转换到“uint32_t”，可能丢失数据
E:\VulkanProj\vkStudy\Study\descriptors\PipelineHub.h(64,1): warning C4267: “参数”: 从“size_t”转换到“uint32_t”，可能丢失数据
E:\VulkanProj\vkStudy\Study\descriptors\PipelineHub.h(114,1): warning C4267: “参数”: 从“size_t”转换到“uint32_t”，可能丢失数据
E:\VulkanProj\vkStudy\Study\descriptors\PipelineHub.h(158,1): warning C4267: “参数”: 从“size_t”转换到“uint32_t”，可能丢失数据
E:\VulkanProj\vkStudy\Study\descriptors\Frame.h(95,1): warning C4267: “参数”: 从“size_t”转换到“uint32_t”，可能丢失数据
E:\VulkanProj\vkStudy\Study\descriptors\Frame.h(106,1): warning C4267: “参数”: 从“size_t”转换到“uint32_t”，可能丢失数据
E:\VulkanProj\vkStudy\Study\descriptors\Frame.h(114,1): warning C4267: “参数”: 从“size_t”转换到“uint32_t”，可能丢失数据
E:\VulkanProj\vkStudy\Study\descriptors\dx_descriptors.cpp(159,1): warning C4267: “=”: 从“size_t”转换到“uint32_t”，可能丢失数据
E:\VulkanProj\vkStudy\Study\descriptors\dx_descriptors.cpp(206,1): warning C4267: “参数”: 从“size_t”转换到“uint32_t”，可能丢失数据
LINK : warning LNK4098: 默认库“MSVCRT”与其他库的使用冲突；请使用 /NODEFAULTLIB:library
  descriptors.vcxproj -> E:\VulkanProj\vkStudy\Study\descriptors\descriptors.exe
