C:\Program Files (x86)\Microsoft Visual Studio\2019\Community\MSBuild\Microsoft\VC\v160\Microsoft.CppBuild.targets(499,5): warning MSB8004: Output 目录未以斜杠结尾。  此生成实例将添加斜杠，因为必须有这个斜杠才能正确计算 Output 目录。
  dx_instacing.cpp
E:\VulkanProj\vkStudy\Study\base\VulkanFrameBuffer.hpp(85,1): warning C4267: “初始化”: 从“size_t”转换到“uint32_t”，可能丢失数据
E:\VulkanProj\vkStudy\Study\base\VulkanFrameBuffer.hpp(87,22): warning C4018: “<”: 有符号/无符号不匹配
E:\VulkanProj\vkStudy\Study\base\VulkanFrameBuffer.hpp(106,1): warning C4267: “初始化”: 从“size_t”转换到“uint32_t”，可能丢失数据
E:\VulkanProj\vkStudy\Study\base\VulkanFrameBuffer.hpp(108,22): warning C4018: “<”: 有符号/无符号不匹配
E:\VulkanProj\vkStudy\Study\base\VulkanFrameBuffer.hpp(139,1): warning C4267: “=”: 从“size_t”转换到“uint32_t”，可能丢失数据
E:\VulkanProj\vkStudy\Study\base\VulkanFrameBuffer.hpp(171,1): warning C4267: “=”: 从“size_t”转换到“uint32_t”，可能丢失数据
E:\VulkanProj\vkStudy\Study\base\VulkanFrameBuffer.hpp(192,1): warning C4267: “=”: 从“size_t”转换到“uint32_t”，可能丢失数据
E:\VulkanProj\vkStudy\Study\base\VulkanFrameBuffer.hpp(287,1): warning C4267: “return”: 从“size_t”转换到“uint32_t”，可能丢失数据
E:\VulkanProj\vkStudy\Study\instancing\InstanceByVertexBuffers.h(50,23): warning C4244: “=”: 从“double”转换到“float”，可能丢失数据
E:\VulkanProj\vkStudy\Study\instancing\InstanceByVertexBuffers.h(78,1): warning C4267: “初始化”: 从“size_t”转换到“uint32_t”，可能丢失数据
E:\VulkanProj\vkStudy\Study\instancing\PipelineHub.h(29,1): warning C4267: “参数”: 从“size_t”转换到“uint32_t”，可能丢失数据
E:\VulkanProj\vkStudy\Study\instancing\PipelineHub.h(47,1): warning C4267: “参数”: 从“size_t”转换到“uint32_t”，可能丢失数据
E:\VulkanProj\vkStudy\Study\instancing\PipelineHub.h(63,1): warning C4267: “参数”: 从“size_t”转换到“uint32_t”，可能丢失数据
E:\VulkanProj\vkStudy\Study\instancing\PipelineHub.h(133,1): warning C4267: “参数”: 从“size_t”转换到“uint32_t”，可能丢失数据
E:\VulkanProj\vkStudy\Study\instancing\PipelineHub.h(160,1): warning C4267: “=”: 从“size_t”转换到“uint32_t”，可能丢失数据
E:\VulkanProj\vkStudy\Study\instancing\PipelineHub.h(161,1): warning C4267: “=”: 从“size_t”转换到“uint32_t”，可能丢失数据
E:\VulkanProj\vkStudy\Study\instancing\PipelineHub.h(172,1): warning C4267: “参数”: 从“size_t”转换到“uint32_t”，可能丢失数据
E:\VulkanProj\vkStudy\Study\instancing\Frame.h(82,1): warning C4267: “参数”: 从“size_t”转换到“uint32_t”，可能丢失数据
E:\VulkanProj\vkStudy\Study\instancing\Frame.h(88,1): warning C4267: “参数”: 从“size_t”转换到“uint32_t”，可能丢失数据
E:\VulkanProj\vkStudy\Study\instancing\Frame.h(92,1): warning C4267: “参数”: 从“size_t”转换到“uint32_t”，可能丢失数据
E:\VulkanProj\vkStudy\Study\instancing\Frame.h(98,1): warning C4267: “参数”: 从“size_t”转换到“uint32_t”，可能丢失数据
E:\VulkanProj\vkStudy\Study\instancing\dx_instacing.cpp(166,1): warning C4267: “=”: 从“size_t”转换到“uint32_t”，可能丢失数据
E:\VulkanProj\vkStudy\Study\instancing\dx_instacing.cpp(214,1): warning C4267: “参数”: 从“size_t”转换到“uint32_t”，可能丢失数据
LINK : warning LNK4098: 默认库“MSVCRT”与其他库的使用冲突；请使用 /NODEFAULTLIB:library
  instancing.vcxproj -> E:\VulkanProj\vkStudy\Study\instancing\instancing.exe
