e:\vulkanproj\mgengine\occlusion_query\x64\debug\vc142.pdb
e:\vulkanproj\mgengine\occlusion_query\x64\debug\vc142.idb
e:\vulkanproj\mgengine\occlusion_query\x64\debug\dx_query.obj
e:\vulkanproj\mgengine\x64\debug\occlusion_query.exe
e:\vulkanproj\mgengine\occlusion_query\x64\debug\occlusion_query.ilk
e:\vulkanproj\mgengine\x64\debug\occlusion_query.pdb
e:\vulkanproj\vkstudy\study\occlusion_query\x64\debug\dx_offscreen.obj
e:\vulkanproj\vkstudy\study\occlusion_query\x64\debug\dx_query.obj
e:\vulkanproj\vkstudy\study\occlusion_query\x64\debug\offscreenpass.obj
e:\vulkanproj\vkstudy\study\occlusion_query\x64\debug\occlusion_query.ilk
e:\vulkanproj\vkstudy\study\occlusion_query\x64\debug\vc142.idb
e:\vulkanproj\vkstudy\study\occlusion_query\x64\debug\vc142.pdb
e:\vulkanproj\vkstudy\study\x64\debug\occlusion_query.pdb
e:\vulkanproj\vkstudy\study\x64\debug\occlusion_query.exe
e:\vulkanproj\vkstudy\study\occlusion_query\x64\debug\occlusion_query.tlog\cl.command.1.tlog
e:\vulkanproj\vkstudy\study\occlusion_query\x64\debug\occlusion_query.tlog\cl.read.1.tlog
e:\vulkanproj\vkstudy\study\occlusion_query\x64\debug\occlusion_query.tlog\cl.write.1.tlog
e:\vulkanproj\vkstudy\study\occlusion_query\x64\debug\occlusion_query.tlog\link.command.1.tlog
e:\vulkanproj\vkstudy\study\occlusion_query\x64\debug\occlusion_query.tlog\link.read.1.tlog
e:\vulkanproj\vkstudy\study\occlusion_query\x64\debug\occlusion_query.tlog\link.write.1.tlog
