  dx_query.cpp
E:\VulkanProj\vkStudy\Study\base\VulkanFrameBuffer.hpp(85,1): warning C4267: “初始化”: 从“size_t”转换到“uint32_t”，可能丢失数据
E:\VulkanProj\vkStudy\Study\base\VulkanFrameBuffer.hpp(87,22): warning C4018: “<”: 有符号/无符号不匹配
E:\VulkanProj\vkStudy\Study\base\VulkanFrameBuffer.hpp(106,1): warning C4267: “初始化”: 从“size_t”转换到“uint32_t”，可能丢失数据
E:\VulkanProj\vkStudy\Study\base\VulkanFrameBuffer.hpp(108,22): warning C4018: “<”: 有符号/无符号不匹配
E:\VulkanProj\vkStudy\Study\base\VulkanFrameBuffer.hpp(139,1): warning C4267: “=”: 从“size_t”转换到“uint32_t”，可能丢失数据
E:\VulkanProj\vkStudy\Study\base\VulkanFrameBuffer.hpp(171,1): warning C4267: “=”: 从“size_t”转换到“uint32_t”，可能丢失数据
E:\VulkanProj\vkStudy\Study\base\VulkanFrameBuffer.hpp(192,1): warning C4267: “=”: 从“size_t”转换到“uint32_t”，可能丢失数据
E:\VulkanProj\vkStudy\Study\base\VulkanFrameBuffer.hpp(287,1): warning C4267: “return”: 从“size_t”转换到“uint32_t”，可能丢失数据
E:\VulkanProj\vkStudy\Study\occlusion_query\PipelineHub.h(27,1): warning C4267: “参数”: 从“size_t”转换到“uint32_t”，可能丢失数据
E:\VulkanProj\vkStudy\Study\occlusion_query\PipelineHub.h(45,1): warning C4267: “参数”: 从“size_t”转换到“uint32_t”，可能丢失数据
E:\VulkanProj\vkStudy\Study\occlusion_query\PipelineHub.h(61,1): warning C4267: “参数”: 从“size_t”转换到“uint32_t”，可能丢失数据
E:\VulkanProj\vkStudy\Study\occlusion_query\PipelineHub.h(110,1): warning C4267: “参数”: 从“size_t”转换到“uint32_t”，可能丢失数据
E:\VulkanProj\vkStudy\Study\occlusion_query\PipelineHub.h(159,1): warning C4267: “参数”: 从“size_t”转换到“uint32_t”，可能丢失数据
E:\VulkanProj\vkStudy\Study\occlusion_query\Frame.h(90,1): warning C4267: “参数”: 从“size_t”转换到“uint32_t”，可能丢失数据
E:\VulkanProj\vkStudy\Study\occlusion_query\Frame.h(96,1): warning C4267: “参数”: 从“size_t”转换到“uint32_t”，可能丢失数据
E:\VulkanProj\vkStudy\Study\occlusion_query\Frame.h(100,1): warning C4267: “参数”: 从“size_t”转换到“uint32_t”，可能丢失数据
E:\VulkanProj\vkStudy\Study\occlusion_query\Frame.h(106,1): warning C4267: “参数”: 从“size_t”转换到“uint32_t”，可能丢失数据
E:\VulkanProj\vkStudy\Study\occlusion_query\Scene.h(23,1): error C2661: “geos::GeoCube::GeoCube”: 没有重载函数接受 2 个参数
E:\VulkanProj\vkStudy\Study\occlusion_query\Scene.h(24,1): error C2661: “geos::GeoCube::GeoCube”: 没有重载函数接受 2 个参数
E:\VulkanProj\vkStudy\Study\occlusion_query\dx_query.cpp(170,1): warning C4267: “=”: 从“size_t”转换到“uint32_t”，可能丢失数据
E:\VulkanProj\vkStudy\Study\occlusion_query\dx_query.cpp(218,1): warning C4267: “参数”: 从“size_t”转换到“uint32_t”，可能丢失数据
E:\VulkanProj\vkStudy\Study\occlusion_query\dx_query.cpp(409,20): warning C4477: “printf”: 格式字符串“%lu”需要类型“unsigned long”的参数，但可变参数 1 拥有了类型“uint64_t”
E:\VulkanProj\vkStudy\Study\occlusion_query\dx_query.cpp(409,20): message : 请考虑在格式字符串中使用“%llu”
E:\VulkanProj\vkStudy\Study\occlusion_query\dx_query.cpp(409,20): message : 请考虑在格式字符串中使用“%Iu”
E:\VulkanProj\vkStudy\Study\occlusion_query\dx_query.cpp(409,20): message : 请考虑在格式字符串中使用“%I64u”
E:\VulkanProj\vkStudy\Study\occlusion_query\dx_query.cpp(411,20): warning C4477: “printf”: 格式字符串“%lu”需要类型“unsigned long”的参数，但可变参数 1 拥有了类型“uint64_t”
E:\VulkanProj\vkStudy\Study\occlusion_query\dx_query.cpp(411,20): message : 请考虑在格式字符串中使用“%llu”
E:\VulkanProj\vkStudy\Study\occlusion_query\dx_query.cpp(411,20): message : 请考虑在格式字符串中使用“%Iu”
E:\VulkanProj\vkStudy\Study\occlusion_query\dx_query.cpp(411,20): message : 请考虑在格式字符串中使用“%I64u”
