e:\vulkanproj\vkstudy\study\x64\debug\base.pdb
e:\vulkanproj\vkstudy\study\x64\debug\base.idb
e:\vulkanproj\vkstudy\study\base\x64\debug\testcode.obj
e:\vulkanproj\vkstudy\study\base\x64\debug\swapchain.obj
e:\vulkanproj\vkstudy\study\base\x64\debug\surfaces.obj
e:\vulkanproj\vkstudy\study\base\x64\debug\shaders.obj
e:\vulkanproj\vkstudy\study\base\x64\debug\renderpasses.obj
e:\vulkanproj\vkstudy\study\base\x64\debug\pipelines.obj
e:\vulkanproj\vkstudy\study\base\x64\debug\mipmaps.obj
e:\vulkanproj\vkstudy\study\base\x64\debug\gltfmodel_pbr.obj
e:\vulkanproj\vkstudy\study\base\x64\debug\geosquarepillar.obj
e:\vulkanproj\vkstudy\study\base\x64\debug\geosphere.obj
e:\vulkanproj\vkstudy\study\base\x64\debug\geoplane.obj
e:\vulkanproj\vkstudy\study\base\x64\debug\geocube.obj
e:\vulkanproj\vkstudy\study\base\x64\debug\geo.obj
e:\vulkanproj\vkstudy\study\base\x64\debug\framebuffers.obj
e:\vulkanproj\vkstudy\study\base\x64\debug\descriptors.obj
e:\vulkanproj\vkstudy\study\base\x64\debug\debugpoints.obj
e:\vulkanproj\vkstudy\study\base\x64\debug\commands.obj
e:\vulkanproj\vkstudy\study\base\x64\debug\buffers.obj
e:\vulkanproj\vkstudy\study\base\x64\debug\buffer.obj
e:\vulkanproj\vkstudy\study\base\x64\debug\batches.obj
e:\vulkanproj\vkstudy\study\base\x64\debug\z_test.obj
e:\vulkanproj\vkstudy\study\base\x64\debug\vulkantools.obj
e:\vulkanproj\vkstudy\study\base\x64\debug\vulkangltfmodel.obj
e:\vulkanproj\vkstudy\study\base\x64\debug\vulkandevice.obj
e:\vulkanproj\vkstudy\study\base\x64\debug\vertices.obj
e:\vulkanproj\vkstudy\study\base\x64\debug\textures.obj
e:\vulkanproj\vkstudy\study\base\x64\debug\texture.obj
e:\vulkanproj\vkstudy\study\x64\debug\base.lib
e:\vulkanproj\vkstudy\study\base\x64\debug\base.tlog\cl.command.1.tlog
e:\vulkanproj\vkstudy\study\base\x64\debug\base.tlog\cl.read.1.tlog
e:\vulkanproj\vkstudy\study\base\x64\debug\base.tlog\cl.write.1.tlog
e:\vulkanproj\vkstudy\study\base\x64\debug\base.tlog\lib-link.read.1.tlog
e:\vulkanproj\vkstudy\study\base\x64\debug\base.tlog\lib-link.write.1.tlog
e:\vulkanproj\vkstudy\study\base\x64\debug\base.tlog\lib.command.1.tlog
